<?xml version="1.0" encoding="UTF-8"?>
<testsuite xmlns:xsi="http://www.w3.org/2001/XMLSchema-instance" xsi:noNamespaceSchemaLocation="https://maven.apache.org/surefire/maven-surefire-plugin/xsd/surefire-test-report-3.0.xsd" version="3.0" name="com.rest.client.ClientApplicationTests" time="4.262" tests="1" errors="0" skipped="0" failures="0">
  <properties>
[...]
</properties>
  <testcase name="contextLoads" classname="com.rest.client.ClientApplicationTests" time="1.117">
    <system-out><![CDATA[17:33:49.812 [main] INFO org.springframework.test.context.support.AnnotationConfigContextLoaderUtils -- Could not detect default configuration classes for test class [com.rest.client.ClientApplicationTests]: ClientApplicationTests does not declare any static, non-private, non-final, nested classes annotated with @Configuration.
17:33:49.955 [main] INFO org.springframework.boot.test.context.SpringBootTestContextBootstrapper -- Found @SpringBootConfiguration com.rest.client.ClientApplication for test class com.rest.client.ClientApplicationTests

  .   ____          _            __ _ _
 /\\ / ___'_ __ _ _(_)_ __  __ _ \ \ \ \
( ( )\___ | '_ | '_| | '_ \/ _` | \ \ \ \
 \\/  ___)| |_)| | | | | || (_| |  ) ) ) )
  '  |____| .__|_| |_|_| |_\__, | / / / /
 =========|_|==============|___/=/_/_/_/
 :: Spring Boot ::                (v3.1.0)

2023-06-05T17:33:50.576+05:30  INFO 76631 --- [           main] com.rest.client.ClientApplicationTests   : Starting ClientApplicationTests using Java 17.0.7 with PID 76631 (started by renoydsouza in /Users/renoydsouza/Downloads/client)
2023-06-05T17:33:50.578+05:30  INFO 76631 --- [           main] com.rest.client.ClientApplicationTests   : No active profile set, falling back to 1 default profile: "default"
2023-06-05T17:33:52.658+05:30  INFO 76631 --- [           main] com.rest.client.ClientApplicationTests   : Started ClientApplicationTests in 2.556 seconds (process running for 4.021)
]]></system-out>
  </testcase>
</testsuite>